{"C:\\University\\SD\\BlooBase\\Coding\\sum.js": {"path":"C:\\University\\SD\\BlooBase\\Coding\\sum.js","statementMap":{"0":{"start":{"line":3,"column":4},"end":{"line":3,"column":17}},"1":{"start":{"line":7,"column":4},"end":{"line":7,"column":17}},"2":{"start":{"line":10,"column":2},"end":{"line":10,"column":37}}},"fnMap":{"0":{"name":"sum","decl":{"start":{"line":2,"column":9},"end":{"line":2,"column":12}},"loc":{"start":{"line":2,"column":19},"end":{"line":4,"column":3}},"line":2},"1":{"name":"subtract","decl":{"start":{"line":6,"column":11},"end":{"line":6,"column":19}},"loc":{"start":{"line":6,"column":26},"end":{"line":8,"column":3}},"line":6}},"branchMap":{},"s":{"0":5,"1":3,"2":1},"f":{"0":5,"1":3},"b":{},"_coverageSchema":"1a1c01bbd47fc00a2c39e90264f33305004495a9","hash":"1d5163288650a0f7cc7eb804b935cf2916cb4f94"}
}
